<?xml version="1.0" encoding="UTF-8"?>
<!-- Generated by org.testng.reporters.JUnitReportReporter -->
<testsuite skipped="0" hostname="LAPTOP-P24V9RNH" name="LoginPage" tests="4" failures="0" timestamp="30 Oct 2019 15:27:00 GMT" time="27.598" errors="0">
  <testcase name="loginTest" time="7.992" classname="LoginPage"/>
  <testcase name="loginTest" time="6.111" classname="LoginPage"/>
  <testcase name="loginTest" time="6.090" classname="LoginPage"/>
  <testcase name="loginTest" time="7.405" classname="LoginPage"/>
</testsuite> <!-- LoginPage -->
