<?xml version="1.0" encoding="UTF-8"?>
<!-- Generated by org.testng.reporters.JUnitReportReporter -->
<testsuite skipped="0" hostname="LAPTOP-P24V9RNH" name="Test.LoginPage" tests="4" failures="0" timestamp="30 Oct 2019 15:36:01 GMT" time="27.936" errors="0">
  <testcase name="loginTest" time="7.619" classname="Test.LoginPage"/>
  <testcase name="loginTest" time="6.303" classname="Test.LoginPage"/>
  <testcase name="loginTest" time="7.690" classname="Test.LoginPage"/>
  <testcase name="loginTest" time="6.324" classname="Test.LoginPage"/>
</testsuite> <!-- Test.LoginPage -->
