<?xml version="1.0" encoding="UTF-8"?>
<!-- Generated by org.testng.reporters.JUnitReportReporter -->
<testsuite skipped="0" hostname="LAPTOP-P24V9RNH" name="LoginPage" tests="4" failures="0" timestamp="30 Oct 2019 15:02:03 GMT" time="37.093" errors="0">
  <testcase name="loginTest" time="17.623" classname="LoginPage"/>
  <testcase name="loginTest" time="6.585" classname="LoginPage"/>
  <testcase name="loginTest" time="6.540" classname="LoginPage"/>
  <testcase name="loginTest" time="6.345" classname="LoginPage"/>
</testsuite> <!-- LoginPage -->
